# JRE version: OpenJDK Runtime Environment (8.0_202-b03) (build 1.8.0_202-release-1483-b03)
# Java VM: OpenJDK 64-Bit Server VM (25.202-b03 mixed mode windows-amd64 compressed oops)
Heap:
 PSYoungGen      total 445440K, used 106946K [0x00000000e0000000, 0x00000000fd700000, 0x0000000100000000)
  eden space 408576K, 21% used [0x00000000e0000000,0x00000000e53f87e8,0x00000000f8f00000)
  from space 36864K, 56% used [0x00000000f8f00000,0x00000000fa378030,0x00000000fb300000)
  to   space 33792K, 0% used [0x00000000fb600000,0x00000000fb600000,0x00000000fd700000)
 ParOldGen       total 159744K, used 80805K [0x00000000a0000000, 0x00000000a9c00000, 0x00000000e0000000)
  object space 159744K, 50% used [0x00000000a0000000,0x00000000a4ee9750,0x00000000a9c00000)
 Metaspace       used 111158K, capacity 118680K, committed 118784K, reserved 1153024K
  class space    used 14246K, capacity 15553K, committed 15616K, reserved 1048576K
GC Heap History (10 events):
Event: 6147.408 GC heap before
{Heap before GC invocations=37 (full 4):
 PSYoungGen      total 391168K, used 382865K [0x00000000e0000000, 0x00000000fab00000, 0x0000000100000000)
  eden space 359424K, 100% used [0x00000000e0000000,0x00000000f5f00000,0x00000000f5f00000)
  from space 31744K, 73% used [0x00000000f8c00000,0x00000000fa2e44c8,0x00000000fab00000)
  to   space 38912K, 0% used [0x00000000f5f00000,0x00000000f5f00000,0x00000000f8500000)
 ParOldGen       total 159744K, used 80637K [0x00000000a0000000, 0x00000000a9c00000, 0x00000000e0000000)
  object space 159744K, 50% used [0x00000000a0000000,0x00000000a4ebf740,0x00000000a9c00000)
 Metaspace       used 110283K, capacity 117632K, committed 118016K, reserved 1150976K
  class space    used 14200K, capacity 15475K, committed 15616K, reserved 1048576K
Event: 6149.019 GC heap after
Heap after GC invocations=37 (full 4):
 PSYoungGen      total 398336K, used 26936K [0x00000000e0000000, 0x00000000fc880000, 0x0000000100000000)
  eden space 359424K, 0% used [0x00000000e0000000,0x00000000e0000000,0x00000000f5f00000)
  from space 38912K, 69% used [0x00000000f5f00000,0x00000000f794e2b0,0x00000000f8500000)
  to   space 38912K, 0% used [0x00000000fa280000,0x00000000fa280000,0x00000000fc880000)
 ParOldGen       total 159744K, used 80645K [0x00000000a0000000, 0x00000000a9c00000, 0x00000000e0000000)
  object space 159744K, 50% used [0x00000000a0000000,0x00000000a4ec1740,0x00000000a9c00000)
 Metaspace       used 110283K, capacity 117632K, committed 118016K, reserved 1150976K
  class space    used 14200K, capacity 15475K, committed 15616K, reserved 1048576K
}
Event: 6983.671 GC heap before
{Heap before GC invocations=38 (full 4):
 PSYoungGen      total 398336K, used 386360K [0x00000000e0000000, 0x00000000fc880000, 0x0000000100000000)
  eden space 359424K, 100% used [0x00000000e0000000,0x00000000f5f00000,0x00000000f5f00000)
  from space 38912K, 69% used [0x00000000f5f00000,0x00000000f794e2b0,0x00000000f8500000)
  to   space 38912K, 0% used [0x00000000fa280000,0x00000000fa280000,0x00000000fc880000)
 ParOldGen       total 159744K, used 80645K [0x00000000a0000000, 0x00000000a9c00000, 0x00000000e0000000)
  object space 159744K, 50% used [0x00000000a0000000,0x00000000a4ec1740,0x00000000a9c00000)
 Metaspace       used 110660K, capacity 118202K, committed 118528K, reserved 1153024K
  class space    used 14234K, capacity 15538K, committed 15616K, reserved 1048576K
Event: 6984.423 GC heap after
Heap after GC invocations=38 (full 4):
 PSYoungGen      total 417280K, used 24369K [0x00000000e0000000, 0x00000000fc200000, 0x0000000100000000)
  eden space 385024K, 0% used [0x00000000e0000000,0x00000000e0000000,0x00000000f7800000)
  from space 32256K, 75% used [0x00000000fa280000,0x00000000fba4c4c8,0x00000000fc200000)
  to   space 37888K, 0% used [0x00000000f7800000,0x00000000f7800000,0x00000000f9d00000)
 ParOldGen       total 159744K, used 80653K [0x00000000a0000000, 0x00000000a9c00000, 0x00000000e0000000)
  object space 159744K, 50% used [0x00000000a0000000,0x00000000a4ec3740,0x00000000a9c00000)
 Metaspace       used 110660K, capacity 118202K, committed 118528K, reserved 1153024K
  class space    used 14234K, capacity 15538K, committed 15616K, reserved 1048576K
}
Event: 7296.037 GC heap before
{Heap before GC invocations=39 (full 4):
 PSYoungGen      total 417280K, used 409393K [0x00000000e0000000, 0x00000000fc200000, 0x0000000100000000)
  eden space 385024K, 100% used [0x00000000e0000000,0x00000000f7800000,0x00000000f7800000)
  from space 32256K, 75% used [0x00000000fa280000,0x00000000fba4c4c8,0x00000000fc200000)
  to   space 37888K, 0% used [0x00000000f7800000,0x00000000f7800000,0x00000000f9d00000)
 ParOldGen       total 159744K, used 80653K [0x00000000a0000000, 0x00000000a9c00000, 0x00000000e0000000)
  object space 159744K, 50% used [0x00000000a0000000,0x00000000a4ec3740,0x00000000a9c00000)
 Metaspace       used 110867K, capacity 118392K, committed 118528K, reserved 1153024K
  class space    used 14244K, capacity 15549K, committed 15616K, reserved 1048576K
Event: 7297.327 GC heap after
Heap after GC invocations=39 (full 4):
 PSYoungGen      total 422912K, used 26593K [0x00000000e0000000, 0x00000000fdb00000, 0x0000000100000000)
  eden space 385024K, 0% used [0x00000000e0000000,0x00000000e0000000,0x00000000f7800000)
  from space 37888K, 70% used [0x00000000f7800000,0x00000000f91f84f8,0x00000000f9d00000)
  to   space 37888K, 0% used [0x00000000fb600000,0x00000000fb600000,0x00000000fdb00000)
 ParOldGen       total 159744K, used 80661K [0x00000000a0000000, 0x00000000a9c00000, 0x00000000e0000000)
  object space 159744K, 50% used [0x00000000a0000000,0x00000000a4ec5740,0x00000000a9c00000)
 Metaspace       used 110867K, capacity 118392K, committed 118528K, reserved 1153024K
  class space    used 14244K, capacity 15549K, committed 15616K, reserved 1048576K
}
Event: 7542.196 GC heap before
{Heap before GC invocations=40 (full 4):
 PSYoungGen      total 422912K, used 411617K [0x00000000e0000000, 0x00000000fdb00000, 0x0000000100000000)
  eden space 385024K, 100% used [0x00000000e0000000,0x00000000f7800000,0x00000000f7800000)
  from space 37888K, 70% used [0x00000000f7800000,0x00000000f91f84f8,0x00000000f9d00000)
  to   space 37888K, 0% used [0x00000000fb600000,0x00000000fb600000,0x00000000fdb00000)
 ParOldGen       total 159744K, used 80661K [0x00000000a0000000, 0x00000000a9c00000, 0x00000000e0000000)
  object space 159744K, 50% used [0x00000000a0000000,0x00000000a4ec5740,0x00000000a9c00000)
 Metaspace       used 111025K, capacity 118596K, committed 118784K, reserved 1153024K
  class space    used 14245K, capacity 15551K, committed 15616K, reserved 1048576K
Event: 7543.118 GC heap after
Heap after GC invocations=40 (full 4):
 PSYoungGen      total 442368K, used 24897K [0x00000000e0000000, 0x00000000fd700000, 0x0000000100000000)
  eden space 408576K, 0% used [0x00000000e0000000,0x00000000e0000000,0x00000000f8f00000)
  from space 33792K, 73% used [0x00000000fb600000,0x00000000fce504f8,0x00000000fd700000)
  to   space 36864K, 0% used [0x00000000f8f00000,0x00000000f8f00000,0x00000000fb300000)
 ParOldGen       total 159744K, used 80669K [0x00000000a0000000, 0x00000000a9c00000, 0x00000000e0000000)
  object space 159744K, 50% used [0x00000000a0000000,0x00000000a4ec7740,0x00000000a9c00000)
 Metaspace       used 111025K, capacity 118596K, committed 118784K, reserved 1153024K
  class space    used 14245K, capacity 15551K, committed 15616K, reserved 1048576K
}
Event: 7796.778 GC heap before
{Heap before GC invocations=41 (full 4):
 PSYoungGen      total 442368K, used 433473K [0x00000000e0000000, 0x00000000fd700000, 0x0000000100000000)
  eden space 408576K, 100% used [0x00000000e0000000,0x00000000f8f00000,0x00000000f8f00000)
  from space 33792K, 73% used [0x00000000fb600000,0x00000000fce504f8,0x00000000fd700000)
  to   space 36864K, 0% used [0x00000000f8f00000,0x00000000f8f00000,0x00000000fb300000)
 ParOldGen       total 159744K, used 80669K [0x00000000a0000000, 0x00000000a9c00000, 0x00000000e0000000)
  object space 159744K, 50% used [0x00000000a0000000,0x00000000a4ec7740,0x00000000a9c00000)
 Metaspace       used 111145K, capacity 118680K, committed 118784K, reserved 1153024K
  class space    used 14246K, capacity 15553K, committed 15616K, reserved 1048576K
Event: 7798.723 GC heap after
Heap after GC invocations=41 (full 4):
 PSYoungGen      total 445440K, used 20960K [0x00000000e0000000, 0x00000000fd700000, 0x0000000100000000)
  eden space 408576K, 0% used [0x00000000e0000000,0x00000000e0000000,0x00000000f8f00000)
  from space 36864K, 56% used [0x00000000f8f00000,0x00000000fa378030,0x00000000fb300000)
  to   space 33792K, 0% used [0x00000000fb600000,0x00000000fb600000,0x00000000fd700000)
 ParOldGen       total 159744K, used 80805K [0x00000000a0000000, 0x00000000a9c00000, 0x00000000e0000000)
  object space 159744K, 50% used [0x00000000a0000000,0x00000000a4ee9750,0x00000000a9c00000)
 Metaspace       used 111145K, capacity 118680K, committed 118784K, reserved 1153024K
  class space    used 14246K, capacity 15553K, committed 15616K, reserved 1048576K
}

